<?xml version="1.0" encoding="UTF-8"?>
<testsuite xmlns:xsi="http://www.w3.org/2001/XMLSchema-instance" xsi:noNamespaceSchemaLocation="https://maven.apache.org/surefire/maven-surefire-plugin/xsd/surefire-test-report.xsd" name="cn.wxj.system.SystemApplicationTests" time="10.179" tests="1" errors="0" skipped="0" failures="0">
  <properties>
    <property name="sun.desktop" value="windows"/>
    <property name="awt.toolkit" value="sun.awt.windows.WToolkit"/>
    <property name="file.encoding.pkg" value="sun.io"/>
    <property name="java.specification.version" value="1.8"/>
    <property name="sun.cpu.isalist" value="amd64"/>
    <property name="sun.jnu.encoding" value="GBK"/>
    <property name="java.class.path" value="F:\Workspaces\IdeaProjects\face-parent\system\target\test-classes;F:\Workspaces\IdeaProjects\face-parent\system\target\classes;H:\LocalWarehouse\org\springframework\boot\spring-boot-starter\2.0.2.RELEASE\spring-boot-starter-2.0.2.RELEASE.jar;H:\LocalWarehouse\org\springframework\boot\spring-boot\2.0.2.RELEASE\spring-boot-2.0.2.RELEASE.jar;H:\LocalWarehouse\org\springframework\spring-context\5.0.6.RELEASE\spring-context-5.0.6.RELEASE.jar;H:\LocalWarehouse\org\springframework\boot\spring-boot-autoconfigure\2.0.2.RELEASE\spring-boot-autoconfigure-2.0.2.RELEASE.jar;H:\LocalWarehouse\org\springframework\boot\spring-boot-starter-logging\2.0.2.RELEASE\spring-boot-starter-logging-2.0.2.RELEASE.jar;H:\LocalWarehouse\ch\qos\logback\logback-classic\1.2.3\logback-classic-1.2.3.jar;H:\LocalWarehouse\ch\qos\logback\logback-core\1.2.3\logback-core-1.2.3.jar;H:\LocalWarehouse\org\apache\logging\log4j\log4j-to-slf4j\2.10.0\log4j-to-slf4j-2.10.0.jar;H:\LocalWarehouse\org\apache\logging\log4j\log4j-api\2.10.0\log4j-api-2.10.0.jar;H:\LocalWarehouse\org\slf4j\jul-to-slf4j\1.7.25\jul-to-slf4j-1.7.25.jar;H:\LocalWarehouse\javax\annotation\javax.annotation-api\1.3.2\javax.annotation-api-1.3.2.jar;H:\LocalWarehouse\org\springframework\spring-core\5.0.6.RELEASE\spring-core-5.0.6.RELEASE.jar;H:\LocalWarehouse\org\springframework\spring-jcl\5.0.6.RELEASE\spring-jcl-5.0.6.RELEASE.jar;H:\LocalWarehouse\org\yaml\snakeyaml\1.19\snakeyaml-1.19.jar;H:\LocalWarehouse\org\springframework\boot\spring-boot-starter-test\2.0.2.RELEASE\spring-boot-starter-test-2.0.2.RELEASE.jar;H:\LocalWarehouse\org\springframework\boot\spring-boot-test\2.0.2.RELEASE\spring-boot-test-2.0.2.RELEASE.jar;H:\LocalWarehouse\org\springframework\boot\spring-boot-test-autoconfigure\2.0.2.RELEASE\spring-boot-test-autoconfigure-2.0.2.RELEASE.jar;H:\LocalWarehouse\com\jayway\jsonpath\json-path\2.4.0\json-path-2.4.0.jar;H:\LocalWarehouse\net\minidev\json-smart\2.3\json-smart-2.3.jar;H:\LocalWarehouse\net\minidev\accessors-smart\1.2\accessors-smart-1.2.jar;H:\LocalWarehouse\org\ow2\asm\asm\5.0.4\asm-5.0.4.jar;H:\LocalWarehouse\org\slf4j\slf4j-api\1.7.25\slf4j-api-1.7.25.jar;H:\LocalWarehouse\junit\junit\4.12\junit-4.12.jar;H:\LocalWarehouse\org\assertj\assertj-core\3.9.1\assertj-core-3.9.1.jar;H:\LocalWarehouse\org\mockito\mockito-core\2.15.0\mockito-core-2.15.0.jar;H:\LocalWarehouse\net\bytebuddy\byte-buddy\1.7.11\byte-buddy-1.7.11.jar;H:\LocalWarehouse\net\bytebuddy\byte-buddy-agent\1.7.11\byte-buddy-agent-1.7.11.jar;H:\LocalWarehouse\org\objenesis\objenesis\2.6\objenesis-2.6.jar;H:\LocalWarehouse\org\hamcrest\hamcrest-core\1.3\hamcrest-core-1.3.jar;H:\LocalWarehouse\org\hamcrest\hamcrest-library\1.3\hamcrest-library-1.3.jar;H:\LocalWarehouse\org\skyscreamer\jsonassert\1.5.0\jsonassert-1.5.0.jar;H:\LocalWarehouse\com\vaadin\external\google\android-json\0.0.20131108.vaadin1\android-json-0.0.20131108.vaadin1.jar;H:\LocalWarehouse\org\springframework\spring-test\5.0.6.RELEASE\spring-test-5.0.6.RELEASE.jar;H:\LocalWarehouse\org\xmlunit\xmlunit-core\2.5.1\xmlunit-core-2.5.1.jar;H:\LocalWarehouse\de\codecentric\spring-boot-admin-starter-client\2.0.2\spring-boot-admin-starter-client-2.0.2.jar;H:\LocalWarehouse\de\codecentric\spring-boot-admin-client\2.0.2\spring-boot-admin-client-2.0.2.jar;H:\LocalWarehouse\org\springframework\boot\spring-boot-starter-actuator\2.0.2.RELEASE\spring-boot-starter-actuator-2.0.2.RELEASE.jar;H:\LocalWarehouse\org\springframework\boot\spring-boot-actuator-autoconfigure\2.0.2.RELEASE\spring-boot-actuator-autoconfigure-2.0.2.RELEASE.jar;H:\LocalWarehouse\org\springframework\boot\spring-boot-actuator\2.0.2.RELEASE\spring-boot-actuator-2.0.2.RELEASE.jar;H:\LocalWarehouse\io\micrometer\micrometer-core\1.0.4\micrometer-core-1.0.4.jar;H:\LocalWarehouse\org\hdrhistogram\HdrHistogram\2.1.10\HdrHistogram-2.1.10.jar;H:\LocalWarehouse\org\latencyutils\LatencyUtils\2.0.3\LatencyUtils-2.0.3.jar;H:\LocalWarehouse\org\springframework\spring-web\5.0.6.RELEASE\spring-web-5.0.6.RELEASE.jar;H:\LocalWarehouse\org\jolokia\jolokia-core\1.5.0\jolokia-core-1.5.0.jar;H:\LocalWarehouse\com\googlecode\json-simple\json-simple\1.1.1\json-simple-1.1.1.jar;H:\LocalWarehouse\org\springframework\cloud\spring-cloud-starter-netflix-eureka-client\2.0.2.RELEASE\spring-cloud-starter-netflix-eureka-client-2.0.2.RELEASE.jar;H:\LocalWarehouse\org\springframework\cloud\spring-cloud-starter\2.0.2.RELEASE\spring-cloud-starter-2.0.2.RELEASE.jar;H:\LocalWarehouse\org\springframework\cloud\spring-cloud-context\2.0.2.RELEASE\spring-cloud-context-2.0.2.RELEASE.jar;H:\LocalWarehouse\org\springframework\security\spring-security-crypto\5.0.5.RELEASE\spring-security-crypto-5.0.5.RELEASE.jar;H:\LocalWarehouse\org\springframework\cloud\spring-cloud-commons\2.0.2.RELEASE\spring-cloud-commons-2.0.2.RELEASE.jar;H:\LocalWarehouse\org\springframework\security\spring-security-rsa\1.0.7.RELEASE\spring-security-rsa-1.0.7.RELEASE.jar;H:\LocalWarehouse\org\bouncycastle\bcpkix-jdk15on\1.60\bcpkix-jdk15on-1.60.jar;H:\LocalWarehouse\org\bouncycastle\bcprov-jdk15on\1.60\bcprov-jdk15on-1.60.jar;H:\LocalWarehouse\org\springframework\cloud\spring-cloud-netflix-core\2.0.2.RELEASE\spring-cloud-netflix-core-2.0.2.RELEASE.jar;H:\LocalWarehouse\org\springframework\boot\spring-boot-starter-aop\2.0.2.RELEASE\spring-boot-starter-aop-2.0.2.RELEASE.jar;H:\LocalWarehouse\org\aspectj\aspectjweaver\1.8.13\aspectjweaver-1.8.13.jar;H:\LocalWarehouse\org\springframework\cloud\spring-cloud-netflix-eureka-client\2.0.2.RELEASE\spring-cloud-netflix-eureka-client-2.0.2.RELEASE.jar;H:\LocalWarehouse\com\netflix\eureka\eureka-client\1.9.3\eureka-client-1.9.3.jar;H:\LocalWarehouse\org\codehaus\jettison\jettison\1.3.7\jettison-1.3.7.jar;H:\LocalWarehouse\stax\stax-api\1.0.1\stax-api-1.0.1.jar;H:\LocalWarehouse\com\netflix\netflix-commons\netflix-eventbus\0.3.0\netflix-eventbus-0.3.0.jar;H:\LocalWarehouse\com\netflix\netflix-commons\netflix-infix\0.3.0\netflix-infix-0.3.0.jar;H:\LocalWarehouse\commons-jxpath\commons-jxpath\1.3\commons-jxpath-1.3.jar;H:\LocalWarehouse\joda-time\joda-time\2.9.9\joda-time-2.9.9.jar;H:\LocalWarehouse\org\antlr\antlr-runtime\3.4\antlr-runtime-3.4.jar;H:\LocalWarehouse\org\antlr\stringtemplate\3.2.1\stringtemplate-3.2.1.jar;H:\LocalWarehouse\antlr\antlr\2.7.7\antlr-2.7.7.jar;H:\LocalWarehouse\com\google\code\gson\gson\2.8.4\gson-2.8.4.jar;H:\LocalWarehouse\org\apache\commons\commons-math\2.2\commons-math-2.2.jar;H:\LocalWarehouse\com\netflix\archaius\archaius-core\0.7.6\archaius-core-0.7.6.jar;H:\LocalWarehouse\com\google\guava\guava\16.0\guava-16.0.jar;H:\LocalWarehouse\javax\ws\rs\jsr311-api\1.1.1\jsr311-api-1.1.1.jar;H:\LocalWarehouse\com\netflix\servo\servo-core\0.12.21\servo-core-0.12.21.jar;H:\LocalWarehouse\com\sun\jersey\jersey-core\1.19.1\jersey-core-1.19.1.jar;H:\LocalWarehouse\com\sun\jersey\jersey-client\1.19.1\jersey-client-1.19.1.jar;H:\LocalWarehouse\com\sun\jersey\contribs\jersey-apache-client4\1.19.1\jersey-apache-client4-1.19.1.jar;H:\LocalWarehouse\org\apache\httpcomponents\httpclient\4.5.5\httpclient-4.5.5.jar;H:\LocalWarehouse\org\apache\httpcomponents\httpcore\4.4.9\httpcore-4.4.9.jar;H:\LocalWarehouse\com\google\inject\guice\4.1.0\guice-4.1.0.jar;H:\LocalWarehouse\javax\inject\javax.inject\1\javax.inject-1.jar;H:\LocalWarehouse\aopalliance\aopalliance\1.0\aopalliance-1.0.jar;H:\LocalWarehouse\com\github\vlsi\compactmap\compactmap\1.2.1\compactmap-1.2.1.jar;H:\LocalWarehouse\com\github\andrewoma\dexx\dexx-collections\0.2\dexx-collections-0.2.jar;H:\LocalWarehouse\com\fasterxml\jackson\core\jackson-annotations\2.9.0\jackson-annotations-2.9.0.jar;H:\LocalWarehouse\com\fasterxml\jackson\core\jackson-core\2.9.5\jackson-core-2.9.5.jar;H:\LocalWarehouse\com\fasterxml\jackson\core\jackson-databind\2.9.5\jackson-databind-2.9.5.jar;H:\LocalWarehouse\com\netflix\eureka\eureka-core\1.9.3\eureka-core-1.9.3.jar;H:\LocalWarehouse\org\codehaus\woodstox\woodstox-core-asl\4.4.1\woodstox-core-asl-4.4.1.jar;H:\LocalWarehouse\javax\xml\stream\stax-api\1.0-2\stax-api-1.0-2.jar;H:\LocalWarehouse\org\codehaus\woodstox\stax2-api\3.1.4\stax2-api-3.1.4.jar;H:\LocalWarehouse\org\springframework\cloud\spring-cloud-starter-netflix-archaius\2.0.2.RELEASE\spring-cloud-starter-netflix-archaius-2.0.2.RELEASE.jar;H:\LocalWarehouse\org\springframework\cloud\spring-cloud-netflix-ribbon\2.0.2.RELEASE\spring-cloud-netflix-ribbon-2.0.2.RELEASE.jar;H:\LocalWarehouse\org\springframework\cloud\spring-cloud-netflix-archaius\2.0.2.RELEASE\spring-cloud-netflix-archaius-2.0.2.RELEASE.jar;H:\LocalWarehouse\commons-configuration\commons-configuration\1.8\commons-configuration-1.8.jar;H:\LocalWarehouse\commons-lang\commons-lang\2.6\commons-lang-2.6.jar;H:\LocalWarehouse\org\springframework\cloud\spring-cloud-starter-netflix-ribbon\2.0.2.RELEASE\spring-cloud-starter-netflix-ribbon-2.0.2.RELEASE.jar;H:\LocalWarehouse\com\netflix\ribbon\ribbon\2.2.5\ribbon-2.2.5.jar;H:\LocalWarehouse\com\netflix\ribbon\ribbon-transport\2.2.5\ribbon-transport-2.2.5.jar;H:\LocalWarehouse\io\reactivex\rxnetty-contexts\0.4.9\rxnetty-contexts-0.4.9.jar;H:\LocalWarehouse\io\reactivex\rxnetty-servo\0.4.9\rxnetty-servo-0.4.9.jar;H:\LocalWarehouse\com\netflix\hystrix\hystrix-core\1.4.3\hystrix-core-1.4.3.jar;H:\LocalWarehouse\io\reactivex\rxnetty\0.4.9\rxnetty-0.4.9.jar;H:\LocalWarehouse\com\netflix\ribbon\ribbon-core\2.2.5\ribbon-core-2.2.5.jar;H:\LocalWarehouse\com\netflix\ribbon\ribbon-httpclient\2.2.5\ribbon-httpclient-2.2.5.jar;H:\LocalWarehouse\commons-collections\commons-collections\3.2.2\commons-collections-3.2.2.jar;H:\LocalWarehouse\com\netflix\netflix-commons\netflix-commons-util\0.1.1\netflix-commons-util-0.1.1.jar;H:\LocalWarehouse\com\netflix\ribbon\ribbon-loadbalancer\2.2.5\ribbon-loadbalancer-2.2.5.jar;H:\LocalWarehouse\com\netflix\netflix-commons\netflix-statistics\0.1.1\netflix-statistics-0.1.1.jar;H:\LocalWarehouse\io\reactivex\rxjava\1.3.8\rxjava-1.3.8.jar;H:\LocalWarehouse\com\netflix\ribbon\ribbon-eureka\2.2.5\ribbon-eureka-2.2.5.jar;H:\LocalWarehouse\com\thoughtworks\xstream\xstream\1.4.10\xstream-1.4.10.jar;H:\LocalWarehouse\xmlpull\xmlpull\1.1.3.1\xmlpull-1.1.3.1.jar;H:\LocalWarehouse\xpp3\xpp3_min\1.1.4c\xpp3_min-1.1.4c.jar;H:\LocalWarehouse\org\springframework\boot\spring-boot-starter-security\2.0.2.RELEASE\spring-boot-starter-security-2.0.2.RELEASE.jar;H:\LocalWarehouse\org\springframework\spring-aop\5.0.6.RELEASE\spring-aop-5.0.6.RELEASE.jar;H:\LocalWarehouse\org\springframework\spring-beans\5.0.6.RELEASE\spring-beans-5.0.6.RELEASE.jar;H:\LocalWarehouse\org\springframework\security\spring-security-config\5.0.5.RELEASE\spring-security-config-5.0.5.RELEASE.jar;H:\LocalWarehouse\org\springframework\security\spring-security-core\5.0.5.RELEASE\spring-security-core-5.0.5.RELEASE.jar;H:\LocalWarehouse\org\springframework\security\spring-security-web\5.0.5.RELEASE\spring-security-web-5.0.5.RELEASE.jar;H:\LocalWarehouse\org\springframework\spring-expression\5.0.6.RELEASE\spring-expression-5.0.6.RELEASE.jar;H:\LocalWarehouse\org\projectlombok\lombok\1.16.20\lombok-1.16.20.jar;F:\Workspaces\IdeaProjects\face-parent\common\target\common-1.0.0.jar;H:\LocalWarehouse\org\springframework\boot\spring-boot-starter-web\2.0.2.RELEASE\spring-boot-starter-web-2.0.2.RELEASE.jar;H:\LocalWarehouse\org\springframework\boot\spring-boot-starter-json\2.0.2.RELEASE\spring-boot-starter-json-2.0.2.RELEASE.jar;H:\LocalWarehouse\com\fasterxml\jackson\datatype\jackson-datatype-jdk8\2.9.5\jackson-datatype-jdk8-2.9.5.jar;H:\LocalWarehouse\com\fasterxml\jackson\datatype\jackson-datatype-jsr310\2.9.5\jackson-datatype-jsr310-2.9.5.jar;H:\LocalWarehouse\com\fasterxml\jackson\module\jackson-module-parameter-names\2.9.5\jackson-module-parameter-names-2.9.5.jar;H:\LocalWarehouse\org\springframework\boot\spring-boot-starter-tomcat\2.0.2.RELEASE\spring-boot-starter-tomcat-2.0.2.RELEASE.jar;H:\LocalWarehouse\org\apache\tomcat\embed\tomcat-embed-core\8.5.31\tomcat-embed-core-8.5.31.jar;H:\LocalWarehouse\org\apache\tomcat\embed\tomcat-embed-el\8.5.31\tomcat-embed-el-8.5.31.jar;H:\LocalWarehouse\org\apache\tomcat\embed\tomcat-embed-websocket\8.5.31\tomcat-embed-websocket-8.5.31.jar;H:\LocalWarehouse\org\hibernate\validator\hibernate-validator\6.0.9.Final\hibernate-validator-6.0.9.Final.jar;H:\LocalWarehouse\javax\validation\validation-api\2.0.1.Final\validation-api-2.0.1.Final.jar;H:\LocalWarehouse\org\jboss\logging\jboss-logging\3.3.2.Final\jboss-logging-3.3.2.Final.jar;H:\LocalWarehouse\com\fasterxml\classmate\1.3.4\classmate-1.3.4.jar;H:\LocalWarehouse\org\springframework\spring-webmvc\5.0.6.RELEASE\spring-webmvc-5.0.6.RELEASE.jar;H:\LocalWarehouse\org\apache\velocity\velocity-engine-core\2.0\velocity-engine-core-2.0.jar;H:\LocalWarehouse\org\apache\commons\commons-lang3\3.7\commons-lang3-3.7.jar;H:\LocalWarehouse\mysql\mysql-connector-java\5.1.46\mysql-connector-java-5.1.46.jar;H:\LocalWarehouse\com\baomidou\mybatisplus-spring-boot-starter\1.0.5\mybatisplus-spring-boot-starter-1.0.5.jar;H:\LocalWarehouse\org\springframework\boot\spring-boot-configuration-processor\2.0.2.RELEASE\spring-boot-configuration-processor-2.0.2.RELEASE.jar;H:\LocalWarehouse\org\springframework\boot\spring-boot-starter-jdbc\2.0.2.RELEASE\spring-boot-starter-jdbc-2.0.2.RELEASE.jar;H:\LocalWarehouse\com\zaxxer\HikariCP\2.7.9\HikariCP-2.7.9.jar;H:\LocalWarehouse\org\springframework\spring-jdbc\5.0.6.RELEASE\spring-jdbc-5.0.6.RELEASE.jar;H:\LocalWarehouse\org\springframework\spring-tx\5.0.6.RELEASE\spring-tx-5.0.6.RELEASE.jar;H:\LocalWarehouse\com\baomidou\mybatis-plus\2.1.8\mybatis-plus-2.1.8.jar;H:\LocalWarehouse\com\baomidou\mybatis-plus-support\2.1.8\mybatis-plus-support-2.1.8.jar;H:\LocalWarehouse\com\baomidou\mybatis-plus-core\2.1.8\mybatis-plus-core-2.1.8.jar;H:\LocalWarehouse\com\github\jsqlparser\jsqlparser\1.1\jsqlparser-1.1.jar;H:\LocalWarehouse\org\mybatis\mybatis-spring\1.3.1\mybatis-spring-1.3.1.jar;H:\LocalWarehouse\org\mybatis\mybatis\3.4.5\mybatis-3.4.5.jar;H:\LocalWarehouse\com\baomidou\mybatis-plus-generate\2.1.8\mybatis-plus-generate-2.1.8.jar;H:\LocalWarehouse\io\jsonwebtoken\jjwt\0.9.1\jjwt-0.9.1.jar;H:\LocalWarehouse\org\apache\poi\poi\3.17\poi-3.17.jar;H:\LocalWarehouse\commons-codec\commons-codec\1.11\commons-codec-1.11.jar;H:\LocalWarehouse\org\apache\commons\commons-collections4\4.1\commons-collections4-4.1.jar;H:\LocalWarehouse\org\apache\poi\poi-ooxml\3.17\poi-ooxml-3.17.jar;H:\LocalWarehouse\com\github\virtuald\curvesapi\1.04\curvesapi-1.04.jar;H:\LocalWarehouse\org\apache\poi\poi-ooxml-schemas\3.17\poi-ooxml-schemas-3.17.jar;H:\LocalWarehouse\org\apache\xmlbeans\xmlbeans\2.6.0\xmlbeans-2.6.0.jar;H:\LocalWarehouse\xerces\xercesImpl\2.11.0\xercesImpl-2.11.0.jar;H:\LocalWarehouse\xml-apis\xml-apis\1.4.01\xml-apis-1.4.01.jar;"/>
    <property name="java.vm.vendor" value="Oracle Corporation"/>
    <property name="sun.arch.data.model" value="64"/>
    <property name="user.variant" value=""/>
    <property name="java.vendor.url" value="http://java.oracle.com/"/>
    <property name="user.timezone" value=""/>
    <property name="java.vm.specification.version" value="1.8"/>
    <property name="os.name" value="Windows 10"/>
    <property name="user.country" value="CN"/>
    <property name="sun.java.launcher" value="SUN_STANDARD"/>
    <property name="sun.boot.library.path" value="F:\Java\jdk1.8\jre\bin"/>
    <property name="sun.java.command" value="C:\Users\wxjas\AppData\Local\Temp\surefire1924482471777526301\surefirebooter3285371332134101406.jar C:\Users\wxjas\AppData\Local\Temp\surefire1924482471777526301 2019-02-27T15-15-42_951-jvmRun1 surefire2991981211894674625tmp surefire_03208128033832786552tmp"/>
    <property name="surefire.test.class.path" value="F:\Workspaces\IdeaProjects\face-parent\system\target\test-classes;F:\Workspaces\IdeaProjects\face-parent\system\target\classes;H:\LocalWarehouse\org\springframework\boot\spring-boot-starter\2.0.2.RELEASE\spring-boot-starter-2.0.2.RELEASE.jar;H:\LocalWarehouse\org\springframework\boot\spring-boot\2.0.2.RELEASE\spring-boot-2.0.2.RELEASE.jar;H:\LocalWarehouse\org\springframework\spring-context\5.0.6.RELEASE\spring-context-5.0.6.RELEASE.jar;H:\LocalWarehouse\org\springframework\boot\spring-boot-autoconfigure\2.0.2.RELEASE\spring-boot-autoconfigure-2.0.2.RELEASE.jar;H:\LocalWarehouse\org\springframework\boot\spring-boot-starter-logging\2.0.2.RELEASE\spring-boot-starter-logging-2.0.2.RELEASE.jar;H:\LocalWarehouse\ch\qos\logback\logback-classic\1.2.3\logback-classic-1.2.3.jar;H:\LocalWarehouse\ch\qos\logback\logback-core\1.2.3\logback-core-1.2.3.jar;H:\LocalWarehouse\org\apache\logging\log4j\log4j-to-slf4j\2.10.0\log4j-to-slf4j-2.10.0.jar;H:\LocalWarehouse\org\apache\logging\log4j\log4j-api\2.10.0\log4j-api-2.10.0.jar;H:\LocalWarehouse\org\slf4j\jul-to-slf4j\1.7.25\jul-to-slf4j-1.7.25.jar;H:\LocalWarehouse\javax\annotation\javax.annotation-api\1.3.2\javax.annotation-api-1.3.2.jar;H:\LocalWarehouse\org\springframework\spring-core\5.0.6.RELEASE\spring-core-5.0.6.RELEASE.jar;H:\LocalWarehouse\org\springframework\spring-jcl\5.0.6.RELEASE\spring-jcl-5.0.6.RELEASE.jar;H:\LocalWarehouse\org\yaml\snakeyaml\1.19\snakeyaml-1.19.jar;H:\LocalWarehouse\org\springframework\boot\spring-boot-starter-test\2.0.2.RELEASE\spring-boot-starter-test-2.0.2.RELEASE.jar;H:\LocalWarehouse\org\springframework\boot\spring-boot-test\2.0.2.RELEASE\spring-boot-test-2.0.2.RELEASE.jar;H:\LocalWarehouse\org\springframework\boot\spring-boot-test-autoconfigure\2.0.2.RELEASE\spring-boot-test-autoconfigure-2.0.2.RELEASE.jar;H:\LocalWarehouse\com\jayway\jsonpath\json-path\2.4.0\json-path-2.4.0.jar;H:\LocalWarehouse\net\minidev\json-smart\2.3\json-smart-2.3.jar;H:\LocalWarehouse\net\minidev\accessors-smart\1.2\accessors-smart-1.2.jar;H:\LocalWarehouse\org\ow2\asm\asm\5.0.4\asm-5.0.4.jar;H:\LocalWarehouse\org\slf4j\slf4j-api\1.7.25\slf4j-api-1.7.25.jar;H:\LocalWarehouse\junit\junit\4.12\junit-4.12.jar;H:\LocalWarehouse\org\assertj\assertj-core\3.9.1\assertj-core-3.9.1.jar;H:\LocalWarehouse\org\mockito\mockito-core\2.15.0\mockito-core-2.15.0.jar;H:\LocalWarehouse\net\bytebuddy\byte-buddy\1.7.11\byte-buddy-1.7.11.jar;H:\LocalWarehouse\net\bytebuddy\byte-buddy-agent\1.7.11\byte-buddy-agent-1.7.11.jar;H:\LocalWarehouse\org\objenesis\objenesis\2.6\objenesis-2.6.jar;H:\LocalWarehouse\org\hamcrest\hamcrest-core\1.3\hamcrest-core-1.3.jar;H:\LocalWarehouse\org\hamcrest\hamcrest-library\1.3\hamcrest-library-1.3.jar;H:\LocalWarehouse\org\skyscreamer\jsonassert\1.5.0\jsonassert-1.5.0.jar;H:\LocalWarehouse\com\vaadin\external\google\android-json\0.0.20131108.vaadin1\android-json-0.0.20131108.vaadin1.jar;H:\LocalWarehouse\org\springframework\spring-test\5.0.6.RELEASE\spring-test-5.0.6.RELEASE.jar;H:\LocalWarehouse\org\xmlunit\xmlunit-core\2.5.1\xmlunit-core-2.5.1.jar;H:\LocalWarehouse\de\codecentric\spring-boot-admin-starter-client\2.0.2\spring-boot-admin-starter-client-2.0.2.jar;H:\LocalWarehouse\de\codecentric\spring-boot-admin-client\2.0.2\spring-boot-admin-client-2.0.2.jar;H:\LocalWarehouse\org\springframework\boot\spring-boot-starter-actuator\2.0.2.RELEASE\spring-boot-starter-actuator-2.0.2.RELEASE.jar;H:\LocalWarehouse\org\springframework\boot\spring-boot-actuator-autoconfigure\2.0.2.RELEASE\spring-boot-actuator-autoconfigure-2.0.2.RELEASE.jar;H:\LocalWarehouse\org\springframework\boot\spring-boot-actuator\2.0.2.RELEASE\spring-boot-actuator-2.0.2.RELEASE.jar;H:\LocalWarehouse\io\micrometer\micrometer-core\1.0.4\micrometer-core-1.0.4.jar;H:\LocalWarehouse\org\hdrhistogram\HdrHistogram\2.1.10\HdrHistogram-2.1.10.jar;H:\LocalWarehouse\org\latencyutils\LatencyUtils\2.0.3\LatencyUtils-2.0.3.jar;H:\LocalWarehouse\org\springframework\spring-web\5.0.6.RELEASE\spring-web-5.0.6.RELEASE.jar;H:\LocalWarehouse\org\jolokia\jolokia-core\1.5.0\jolokia-core-1.5.0.jar;H:\LocalWarehouse\com\googlecode\json-simple\json-simple\1.1.1\json-simple-1.1.1.jar;H:\LocalWarehouse\org\springframework\cloud\spring-cloud-starter-netflix-eureka-client\2.0.2.RELEASE\spring-cloud-starter-netflix-eureka-client-2.0.2.RELEASE.jar;H:\LocalWarehouse\org\springframework\cloud\spring-cloud-starter\2.0.2.RELEASE\spring-cloud-starter-2.0.2.RELEASE.jar;H:\LocalWarehouse\org\springframework\cloud\spring-cloud-context\2.0.2.RELEASE\spring-cloud-context-2.0.2.RELEASE.jar;H:\LocalWarehouse\org\springframework\security\spring-security-crypto\5.0.5.RELEASE\spring-security-crypto-5.0.5.RELEASE.jar;H:\LocalWarehouse\org\springframework\cloud\spring-cloud-commons\2.0.2.RELEASE\spring-cloud-commons-2.0.2.RELEASE.jar;H:\LocalWarehouse\org\springframework\security\spring-security-rsa\1.0.7.RELEASE\spring-security-rsa-1.0.7.RELEASE.jar;H:\LocalWarehouse\org\bouncycastle\bcpkix-jdk15on\1.60\bcpkix-jdk15on-1.60.jar;H:\LocalWarehouse\org\bouncycastle\bcprov-jdk15on\1.60\bcprov-jdk15on-1.60.jar;H:\LocalWarehouse\org\springframework\cloud\spring-cloud-netflix-core\2.0.2.RELEASE\spring-cloud-netflix-core-2.0.2.RELEASE.jar;H:\LocalWarehouse\org\springframework\boot\spring-boot-starter-aop\2.0.2.RELEASE\spring-boot-starter-aop-2.0.2.RELEASE.jar;H:\LocalWarehouse\org\aspectj\aspectjweaver\1.8.13\aspectjweaver-1.8.13.jar;H:\LocalWarehouse\org\springframework\cloud\spring-cloud-netflix-eureka-client\2.0.2.RELEASE\spring-cloud-netflix-eureka-client-2.0.2.RELEASE.jar;H:\LocalWarehouse\com\netflix\eureka\eureka-client\1.9.3\eureka-client-1.9.3.jar;H:\LocalWarehouse\org\codehaus\jettison\jettison\1.3.7\jettison-1.3.7.jar;H:\LocalWarehouse\stax\stax-api\1.0.1\stax-api-1.0.1.jar;H:\LocalWarehouse\com\netflix\netflix-commons\netflix-eventbus\0.3.0\netflix-eventbus-0.3.0.jar;H:\LocalWarehouse\com\netflix\netflix-commons\netflix-infix\0.3.0\netflix-infix-0.3.0.jar;H:\LocalWarehouse\commons-jxpath\commons-jxpath\1.3\commons-jxpath-1.3.jar;H:\LocalWarehouse\joda-time\joda-time\2.9.9\joda-time-2.9.9.jar;H:\LocalWarehouse\org\antlr\antlr-runtime\3.4\antlr-runtime-3.4.jar;H:\LocalWarehouse\org\antlr\stringtemplate\3.2.1\stringtemplate-3.2.1.jar;H:\LocalWarehouse\antlr\antlr\2.7.7\antlr-2.7.7.jar;H:\LocalWarehouse\com\google\code\gson\gson\2.8.4\gson-2.8.4.jar;H:\LocalWarehouse\org\apache\commons\commons-math\2.2\commons-math-2.2.jar;H:\LocalWarehouse\com\netflix\archaius\archaius-core\0.7.6\archaius-core-0.7.6.jar;H:\LocalWarehouse\com\google\guava\guava\16.0\guava-16.0.jar;H:\LocalWarehouse\javax\ws\rs\jsr311-api\1.1.1\jsr311-api-1.1.1.jar;H:\LocalWarehouse\com\netflix\servo\servo-core\0.12.21\servo-core-0.12.21.jar;H:\LocalWarehouse\com\sun\jersey\jersey-core\1.19.1\jersey-core-1.19.1.jar;H:\LocalWarehouse\com\sun\jersey\jersey-client\1.19.1\jersey-client-1.19.1.jar;H:\LocalWarehouse\com\sun\jersey\contribs\jersey-apache-client4\1.19.1\jersey-apache-client4-1.19.1.jar;H:\LocalWarehouse\org\apache\httpcomponents\httpclient\4.5.5\httpclient-4.5.5.jar;H:\LocalWarehouse\org\apache\httpcomponents\httpcore\4.4.9\httpcore-4.4.9.jar;H:\LocalWarehouse\com\google\inject\guice\4.1.0\guice-4.1.0.jar;H:\LocalWarehouse\javax\inject\javax.inject\1\javax.inject-1.jar;H:\LocalWarehouse\aopalliance\aopalliance\1.0\aopalliance-1.0.jar;H:\LocalWarehouse\com\github\vlsi\compactmap\compactmap\1.2.1\compactmap-1.2.1.jar;H:\LocalWarehouse\com\github\andrewoma\dexx\dexx-collections\0.2\dexx-collections-0.2.jar;H:\LocalWarehouse\com\fasterxml\jackson\core\jackson-annotations\2.9.0\jackson-annotations-2.9.0.jar;H:\LocalWarehouse\com\fasterxml\jackson\core\jackson-core\2.9.5\jackson-core-2.9.5.jar;H:\LocalWarehouse\com\fasterxml\jackson\core\jackson-databind\2.9.5\jackson-databind-2.9.5.jar;H:\LocalWarehouse\com\netflix\eureka\eureka-core\1.9.3\eureka-core-1.9.3.jar;H:\LocalWarehouse\org\codehaus\woodstox\woodstox-core-asl\4.4.1\woodstox-core-asl-4.4.1.jar;H:\LocalWarehouse\javax\xml\stream\stax-api\1.0-2\stax-api-1.0-2.jar;H:\LocalWarehouse\org\codehaus\woodstox\stax2-api\3.1.4\stax2-api-3.1.4.jar;H:\LocalWarehouse\org\springframework\cloud\spring-cloud-starter-netflix-archaius\2.0.2.RELEASE\spring-cloud-starter-netflix-archaius-2.0.2.RELEASE.jar;H:\LocalWarehouse\org\springframework\cloud\spring-cloud-netflix-ribbon\2.0.2.RELEASE\spring-cloud-netflix-ribbon-2.0.2.RELEASE.jar;H:\LocalWarehouse\org\springframework\cloud\spring-cloud-netflix-archaius\2.0.2.RELEASE\spring-cloud-netflix-archaius-2.0.2.RELEASE.jar;H:\LocalWarehouse\commons-configuration\commons-configuration\1.8\commons-configuration-1.8.jar;H:\LocalWarehouse\commons-lang\commons-lang\2.6\commons-lang-2.6.jar;H:\LocalWarehouse\org\springframework\cloud\spring-cloud-starter-netflix-ribbon\2.0.2.RELEASE\spring-cloud-starter-netflix-ribbon-2.0.2.RELEASE.jar;H:\LocalWarehouse\com\netflix\ribbon\ribbon\2.2.5\ribbon-2.2.5.jar;H:\LocalWarehouse\com\netflix\ribbon\ribbon-transport\2.2.5\ribbon-transport-2.2.5.jar;H:\LocalWarehouse\io\reactivex\rxnetty-contexts\0.4.9\rxnetty-contexts-0.4.9.jar;H:\LocalWarehouse\io\reactivex\rxnetty-servo\0.4.9\rxnetty-servo-0.4.9.jar;H:\LocalWarehouse\com\netflix\hystrix\hystrix-core\1.4.3\hystrix-core-1.4.3.jar;H:\LocalWarehouse\io\reactivex\rxnetty\0.4.9\rxnetty-0.4.9.jar;H:\LocalWarehouse\com\netflix\ribbon\ribbon-core\2.2.5\ribbon-core-2.2.5.jar;H:\LocalWarehouse\com\netflix\ribbon\ribbon-httpclient\2.2.5\ribbon-httpclient-2.2.5.jar;H:\LocalWarehouse\commons-collections\commons-collections\3.2.2\commons-collections-3.2.2.jar;H:\LocalWarehouse\com\netflix\netflix-commons\netflix-commons-util\0.1.1\netflix-commons-util-0.1.1.jar;H:\LocalWarehouse\com\netflix\ribbon\ribbon-loadbalancer\2.2.5\ribbon-loadbalancer-2.2.5.jar;H:\LocalWarehouse\com\netflix\netflix-commons\netflix-statistics\0.1.1\netflix-statistics-0.1.1.jar;H:\LocalWarehouse\io\reactivex\rxjava\1.3.8\rxjava-1.3.8.jar;H:\LocalWarehouse\com\netflix\ribbon\ribbon-eureka\2.2.5\ribbon-eureka-2.2.5.jar;H:\LocalWarehouse\com\thoughtworks\xstream\xstream\1.4.10\xstream-1.4.10.jar;H:\LocalWarehouse\xmlpull\xmlpull\1.1.3.1\xmlpull-1.1.3.1.jar;H:\LocalWarehouse\xpp3\xpp3_min\1.1.4c\xpp3_min-1.1.4c.jar;H:\LocalWarehouse\org\springframework\boot\spring-boot-starter-security\2.0.2.RELEASE\spring-boot-starter-security-2.0.2.RELEASE.jar;H:\LocalWarehouse\org\springframework\spring-aop\5.0.6.RELEASE\spring-aop-5.0.6.RELEASE.jar;H:\LocalWarehouse\org\springframework\spring-beans\5.0.6.RELEASE\spring-beans-5.0.6.RELEASE.jar;H:\LocalWarehouse\org\springframework\security\spring-security-config\5.0.5.RELEASE\spring-security-config-5.0.5.RELEASE.jar;H:\LocalWarehouse\org\springframework\security\spring-security-core\5.0.5.RELEASE\spring-security-core-5.0.5.RELEASE.jar;H:\LocalWarehouse\org\springframework\security\spring-security-web\5.0.5.RELEASE\spring-security-web-5.0.5.RELEASE.jar;H:\LocalWarehouse\org\springframework\spring-expression\5.0.6.RELEASE\spring-expression-5.0.6.RELEASE.jar;H:\LocalWarehouse\org\projectlombok\lombok\1.16.20\lombok-1.16.20.jar;F:\Workspaces\IdeaProjects\face-parent\common\target\common-1.0.0.jar;H:\LocalWarehouse\org\springframework\boot\spring-boot-starter-web\2.0.2.RELEASE\spring-boot-starter-web-2.0.2.RELEASE.jar;H:\LocalWarehouse\org\springframework\boot\spring-boot-starter-json\2.0.2.RELEASE\spring-boot-starter-json-2.0.2.RELEASE.jar;H:\LocalWarehouse\com\fasterxml\jackson\datatype\jackson-datatype-jdk8\2.9.5\jackson-datatype-jdk8-2.9.5.jar;H:\LocalWarehouse\com\fasterxml\jackson\datatype\jackson-datatype-jsr310\2.9.5\jackson-datatype-jsr310-2.9.5.jar;H:\LocalWarehouse\com\fasterxml\jackson\module\jackson-module-parameter-names\2.9.5\jackson-module-parameter-names-2.9.5.jar;H:\LocalWarehouse\org\springframework\boot\spring-boot-starter-tomcat\2.0.2.RELEASE\spring-boot-starter-tomcat-2.0.2.RELEASE.jar;H:\LocalWarehouse\org\apache\tomcat\embed\tomcat-embed-core\8.5.31\tomcat-embed-core-8.5.31.jar;H:\LocalWarehouse\org\apache\tomcat\embed\tomcat-embed-el\8.5.31\tomcat-embed-el-8.5.31.jar;H:\LocalWarehouse\org\apache\tomcat\embed\tomcat-embed-websocket\8.5.31\tomcat-embed-websocket-8.5.31.jar;H:\LocalWarehouse\org\hibernate\validator\hibernate-validator\6.0.9.Final\hibernate-validator-6.0.9.Final.jar;H:\LocalWarehouse\javax\validation\validation-api\2.0.1.Final\validation-api-2.0.1.Final.jar;H:\LocalWarehouse\org\jboss\logging\jboss-logging\3.3.2.Final\jboss-logging-3.3.2.Final.jar;H:\LocalWarehouse\com\fasterxml\classmate\1.3.4\classmate-1.3.4.jar;H:\LocalWarehouse\org\springframework\spring-webmvc\5.0.6.RELEASE\spring-webmvc-5.0.6.RELEASE.jar;H:\LocalWarehouse\org\apache\velocity\velocity-engine-core\2.0\velocity-engine-core-2.0.jar;H:\LocalWarehouse\org\apache\commons\commons-lang3\3.7\commons-lang3-3.7.jar;H:\LocalWarehouse\mysql\mysql-connector-java\5.1.46\mysql-connector-java-5.1.46.jar;H:\LocalWarehouse\com\baomidou\mybatisplus-spring-boot-starter\1.0.5\mybatisplus-spring-boot-starter-1.0.5.jar;H:\LocalWarehouse\org\springframework\boot\spring-boot-configuration-processor\2.0.2.RELEASE\spring-boot-configuration-processor-2.0.2.RELEASE.jar;H:\LocalWarehouse\org\springframework\boot\spring-boot-starter-jdbc\2.0.2.RELEASE\spring-boot-starter-jdbc-2.0.2.RELEASE.jar;H:\LocalWarehouse\com\zaxxer\HikariCP\2.7.9\HikariCP-2.7.9.jar;H:\LocalWarehouse\org\springframework\spring-jdbc\5.0.6.RELEASE\spring-jdbc-5.0.6.RELEASE.jar;H:\LocalWarehouse\org\springframework\spring-tx\5.0.6.RELEASE\spring-tx-5.0.6.RELEASE.jar;H:\LocalWarehouse\com\baomidou\mybatis-plus\2.1.8\mybatis-plus-2.1.8.jar;H:\LocalWarehouse\com\baomidou\mybatis-plus-support\2.1.8\mybatis-plus-support-2.1.8.jar;H:\LocalWarehouse\com\baomidou\mybatis-plus-core\2.1.8\mybatis-plus-core-2.1.8.jar;H:\LocalWarehouse\com\github\jsqlparser\jsqlparser\1.1\jsqlparser-1.1.jar;H:\LocalWarehouse\org\mybatis\mybatis-spring\1.3.1\mybatis-spring-1.3.1.jar;H:\LocalWarehouse\org\mybatis\mybatis\3.4.5\mybatis-3.4.5.jar;H:\LocalWarehouse\com\baomidou\mybatis-plus-generate\2.1.8\mybatis-plus-generate-2.1.8.jar;H:\LocalWarehouse\io\jsonwebtoken\jjwt\0.9.1\jjwt-0.9.1.jar;H:\LocalWarehouse\org\apache\poi\poi\3.17\poi-3.17.jar;H:\LocalWarehouse\commons-codec\commons-codec\1.11\commons-codec-1.11.jar;H:\LocalWarehouse\org\apache\commons\commons-collections4\4.1\commons-collections4-4.1.jar;H:\LocalWarehouse\org\apache\poi\poi-ooxml\3.17\poi-ooxml-3.17.jar;H:\LocalWarehouse\com\github\virtuald\curvesapi\1.04\curvesapi-1.04.jar;H:\LocalWarehouse\org\apache\poi\poi-ooxml-schemas\3.17\poi-ooxml-schemas-3.17.jar;H:\LocalWarehouse\org\apache\xmlbeans\xmlbeans\2.6.0\xmlbeans-2.6.0.jar;H:\LocalWarehouse\xerces\xercesImpl\2.11.0\xercesImpl-2.11.0.jar;H:\LocalWarehouse\xml-apis\xml-apis\1.4.01\xml-apis-1.4.01.jar;"/>
    <property name="sun.cpu.endian" value="little"/>
    <property name="user.home" value="C:\Users\wxjas"/>
    <property name="user.language" value="zh"/>
    <property name="java.specification.vendor" value="Oracle Corporation"/>
    <property name="java.home" value="F:\Java\jdk1.8\jre"/>
    <property name="basedir" value="F:\Workspaces\IdeaProjects\face-parent\system"/>
    <property name="file.separator" value="\"/>
    <property name="line.separator" value="&#10;"/>
    <property name="java.vm.specification.vendor" value="Oracle Corporation"/>
    <property name="java.specification.name" value="Java Platform API Specification"/>
    <property name="java.awt.graphicsenv" value="sun.awt.Win32GraphicsEnvironment"/>
    <property name="surefire.real.class.path" value="C:\Users\wxjas\AppData\Local\Temp\surefire1924482471777526301\surefirebooter3285371332134101406.jar"/>
    <property name="sun.boot.class.path" value="F:\Java\jdk1.8\jre\lib\resources.jar;F:\Java\jdk1.8\jre\lib\rt.jar;F:\Java\jdk1.8\jre\lib\sunrsasign.jar;F:\Java\jdk1.8\jre\lib\jsse.jar;F:\Java\jdk1.8\jre\lib\jce.jar;F:\Java\jdk1.8\jre\lib\charsets.jar;F:\Java\jdk1.8\jre\lib\jfr.jar;F:\Java\jdk1.8\jre\classes"/>
    <property name="user.script" value=""/>
    <property name="sun.management.compiler" value="HotSpot 64-Bit Tiered Compilers"/>
    <property name="java.runtime.version" value="1.8.0_121-b13"/>
    <property name="user.name" value="wxjason"/>
    <property name="path.separator" value=";"/>
    <property name="os.version" value="10.0"/>
    <property name="java.endorsed.dirs" value="F:\Java\jdk1.8\jre\lib\endorsed"/>
    <property name="java.runtime.name" value="Java(TM) SE Runtime Environment"/>
    <property name="file.encoding" value="GBK"/>
    <property name="java.vm.name" value="Java HotSpot(TM) 64-Bit Server VM"/>
    <property name="localRepository" value="H:\LocalWarehouse"/>
    <property name="java.vendor.url.bug" value="http://bugreport.sun.com/bugreport/"/>
    <property name="java.io.tmpdir" value="C:\Users\wxjas\AppData\Local\Temp\"/>
    <property name="idea.version" value="2017.2.3"/>
    <property name="java.version" value="1.8.0_121"/>
    <property name="user.dir" value="F:\Workspaces\IdeaProjects\face-parent\system"/>
    <property name="os.arch" value="amd64"/>
    <property name="java.vm.specification.name" value="Java Virtual Machine Specification"/>
    <property name="java.awt.printerjob" value="sun.awt.windows.WPrinterJob"/>
    <property name="sun.os.patch.level" value=""/>
    <property name="java.library.path" value="F:\Java\jdk1.8\jre\bin;C:\WINDOWS\Sun\Java\bin;C:\WINDOWS\system32;C:\WINDOWS;C:\WINDOWS\system32;C:\WINDOWS;C:\WINDOWS\System32\Wbem;C:\WINDOWS\System32\WindowsPowerShell\v1.0\;F:\Java\jdk1.7\bin;F:\Java\jdk1.7\jre\bin;F:\MySQL-5.7.17\bin;F:\TortoiseSVN\bin;H:\Maven3.5.2\bin;F:\nodejs\;F:\apache-ant-1.10.3\bin;C:\WINDOWS\System32\OpenSSH\;H:\nginx;C:\Program Files\TortoiseGit\bin;C:\Program Files\Git\cmd;H:\hadoop-common-2.6.0-bin-master\bin;H:\hadoop-common-2.6.0-bin-master\bin\winutils.exe;C:\Users\wxjas\AppData\Local\Programs\Python\Python36\Scripts\;C:\Users\wxjas\AppData\Local\Programs\Python\Python36\;C:\Users\wxjas\AppData\Local\Microsoft\WindowsApps;C:\Users\wxjas\AppData\Roaming\npm;;."/>
    <property name="java.vm.info" value="mixed mode"/>
    <property name="java.vendor" value="Oracle Corporation"/>
    <property name="java.vm.version" value="25.121-b13"/>
    <property name="java.ext.dirs" value="F:\Java\jdk1.8\jre\lib\ext;C:\WINDOWS\Sun\Java\lib\ext"/>
    <property name="sun.io.unicode.encoding" value="UnicodeLittle"/>
    <property name="maven.repo.local" value="H:\LocalWarehouse"/>
    <property name="java.class.version" value="52.0"/>
  </properties>
  <testcase name="contextLoads" classname="cn.wxj.system.SystemApplicationTests" time="0.289"/>
</testsuite>