<?xml version="1.0" encoding="UTF-8"?>
<testsuite xmlns:xsi="http://www.w3.org/2001/XMLSchema-instance" xsi:noNamespaceSchemaLocation="https://maven.apache.org/surefire/maven-surefire-plugin/xsd/surefire-test-report.xsd" name="cn.wxj.face.api.FaceApiApplicationTests" time="2.96" tests="1" errors="0" skipped="0" failures="0">
  <properties>
    <property name="sun.desktop" value="windows"/>
    <property name="awt.toolkit" value="sun.awt.windows.WToolkit"/>
    <property name="file.encoding.pkg" value="sun.io"/>
    <property name="java.specification.version" value="1.8"/>
    <property name="sun.cpu.isalist" value="amd64"/>
    <property name="sun.jnu.encoding" value="GBK"/>
    <property name="java.class.path" value="F:\Workspaces\IdeaProjects\face-parent\face-api\target\test-classes;F:\Workspaces\IdeaProjects\face-parent\face-api\target\classes;H:\LocalWarehouse\org\springframework\boot\spring-boot-starter\2.0.2.RELEASE\spring-boot-starter-2.0.2.RELEASE.jar;H:\LocalWarehouse\org\springframework\boot\spring-boot\2.0.2.RELEASE\spring-boot-2.0.2.RELEASE.jar;H:\LocalWarehouse\org\springframework\spring-context\5.0.6.RELEASE\spring-context-5.0.6.RELEASE.jar;H:\LocalWarehouse\org\springframework\boot\spring-boot-autoconfigure\2.0.2.RELEASE\spring-boot-autoconfigure-2.0.2.RELEASE.jar;H:\LocalWarehouse\org\springframework\boot\spring-boot-starter-logging\2.0.2.RELEASE\spring-boot-starter-logging-2.0.2.RELEASE.jar;H:\LocalWarehouse\ch\qos\logback\logback-classic\1.2.3\logback-classic-1.2.3.jar;H:\LocalWarehouse\ch\qos\logback\logback-core\1.2.3\logback-core-1.2.3.jar;H:\LocalWarehouse\org\apache\logging\log4j\log4j-to-slf4j\2.10.0\log4j-to-slf4j-2.10.0.jar;H:\LocalWarehouse\org\apache\logging\log4j\log4j-api\2.10.0\log4j-api-2.10.0.jar;H:\LocalWarehouse\org\slf4j\jul-to-slf4j\1.7.25\jul-to-slf4j-1.7.25.jar;H:\LocalWarehouse\javax\annotation\javax.annotation-api\1.3.2\javax.annotation-api-1.3.2.jar;H:\LocalWarehouse\org\springframework\spring-core\5.0.6.RELEASE\spring-core-5.0.6.RELEASE.jar;H:\LocalWarehouse\org\springframework\spring-jcl\5.0.6.RELEASE\spring-jcl-5.0.6.RELEASE.jar;H:\LocalWarehouse\org\yaml\snakeyaml\1.19\snakeyaml-1.19.jar;H:\LocalWarehouse\org\springframework\boot\spring-boot-starter-test\2.0.2.RELEASE\spring-boot-starter-test-2.0.2.RELEASE.jar;H:\LocalWarehouse\org\springframework\boot\spring-boot-test\2.0.2.RELEASE\spring-boot-test-2.0.2.RELEASE.jar;H:\LocalWarehouse\org\springframework\boot\spring-boot-test-autoconfigure\2.0.2.RELEASE\spring-boot-test-autoconfigure-2.0.2.RELEASE.jar;H:\LocalWarehouse\com\jayway\jsonpath\json-path\2.4.0\json-path-2.4.0.jar;H:\LocalWarehouse\net\minidev\json-smart\2.3\json-smart-2.3.jar;H:\LocalWarehouse\net\minidev\accessors-smart\1.2\accessors-smart-1.2.jar;H:\LocalWarehouse\org\ow2\asm\asm\5.0.4\asm-5.0.4.jar;H:\LocalWarehouse\org\slf4j\slf4j-api\1.7.25\slf4j-api-1.7.25.jar;H:\LocalWarehouse\junit\junit\4.12\junit-4.12.jar;H:\LocalWarehouse\org\assertj\assertj-core\3.9.1\assertj-core-3.9.1.jar;H:\LocalWarehouse\org\mockito\mockito-core\2.15.0\mockito-core-2.15.0.jar;H:\LocalWarehouse\net\bytebuddy\byte-buddy\1.7.11\byte-buddy-1.7.11.jar;H:\LocalWarehouse\net\bytebuddy\byte-buddy-agent\1.7.11\byte-buddy-agent-1.7.11.jar;H:\LocalWarehouse\org\objenesis\objenesis\2.6\objenesis-2.6.jar;H:\LocalWarehouse\org\hamcrest\hamcrest-core\1.3\hamcrest-core-1.3.jar;H:\LocalWarehouse\org\hamcrest\hamcrest-library\1.3\hamcrest-library-1.3.jar;H:\LocalWarehouse\org\skyscreamer\jsonassert\1.5.0\jsonassert-1.5.0.jar;H:\LocalWarehouse\com\vaadin\external\google\android-json\0.0.20131108.vaadin1\android-json-0.0.20131108.vaadin1.jar;H:\LocalWarehouse\org\springframework\spring-test\5.0.6.RELEASE\spring-test-5.0.6.RELEASE.jar;H:\LocalWarehouse\org\xmlunit\xmlunit-core\2.5.1\xmlunit-core-2.5.1.jar;H:\LocalWarehouse\org\springframework\boot\spring-boot-starter-web\2.0.2.RELEASE\spring-boot-starter-web-2.0.2.RELEASE.jar;H:\LocalWarehouse\org\springframework\boot\spring-boot-starter-json\2.0.2.RELEASE\spring-boot-starter-json-2.0.2.RELEASE.jar;H:\LocalWarehouse\com\fasterxml\jackson\core\jackson-databind\2.9.5\jackson-databind-2.9.5.jar;H:\LocalWarehouse\com\fasterxml\jackson\core\jackson-annotations\2.9.0\jackson-annotations-2.9.0.jar;H:\LocalWarehouse\com\fasterxml\jackson\core\jackson-core\2.9.5\jackson-core-2.9.5.jar;H:\LocalWarehouse\com\fasterxml\jackson\datatype\jackson-datatype-jdk8\2.9.5\jackson-datatype-jdk8-2.9.5.jar;H:\LocalWarehouse\com\fasterxml\jackson\datatype\jackson-datatype-jsr310\2.9.5\jackson-datatype-jsr310-2.9.5.jar;H:\LocalWarehouse\com\fasterxml\jackson\module\jackson-module-parameter-names\2.9.5\jackson-module-parameter-names-2.9.5.jar;H:\LocalWarehouse\org\springframework\boot\spring-boot-starter-tomcat\2.0.2.RELEASE\spring-boot-starter-tomcat-2.0.2.RELEASE.jar;H:\LocalWarehouse\org\apache\tomcat\embed\tomcat-embed-core\8.5.31\tomcat-embed-core-8.5.31.jar;H:\LocalWarehouse\org\apache\tomcat\embed\tomcat-embed-el\8.5.31\tomcat-embed-el-8.5.31.jar;H:\LocalWarehouse\org\apache\tomcat\embed\tomcat-embed-websocket\8.5.31\tomcat-embed-websocket-8.5.31.jar;H:\LocalWarehouse\org\hibernate\validator\hibernate-validator\6.0.9.Final\hibernate-validator-6.0.9.Final.jar;H:\LocalWarehouse\javax\validation\validation-api\2.0.1.Final\validation-api-2.0.1.Final.jar;H:\LocalWarehouse\org\jboss\logging\jboss-logging\3.3.2.Final\jboss-logging-3.3.2.Final.jar;H:\LocalWarehouse\com\fasterxml\classmate\1.3.4\classmate-1.3.4.jar;H:\LocalWarehouse\org\springframework\spring-web\5.0.6.RELEASE\spring-web-5.0.6.RELEASE.jar;H:\LocalWarehouse\org\springframework\spring-beans\5.0.6.RELEASE\spring-beans-5.0.6.RELEASE.jar;H:\LocalWarehouse\org\springframework\spring-webmvc\5.0.6.RELEASE\spring-webmvc-5.0.6.RELEASE.jar;H:\LocalWarehouse\org\springframework\spring-aop\5.0.6.RELEASE\spring-aop-5.0.6.RELEASE.jar;H:\LocalWarehouse\org\springframework\spring-expression\5.0.6.RELEASE\spring-expression-5.0.6.RELEASE.jar;H:\LocalWarehouse\com\baidu\aip\java-sdk\4.10.0\java-sdk-4.10.0.jar;H:\LocalWarehouse\org\json\json\20160810\json-20160810.jar;H:\LocalWarehouse\log4j\log4j\1.2.17\log4j-1.2.17.jar;H:\LocalWarehouse\org\projectlombok\lombok\1.16.20\lombok-1.16.20.jar;F:\Workspaces\IdeaProjects\face-parent\common\target\common-1.0.0.jar;H:\LocalWarehouse\org\apache\velocity\velocity-engine-core\2.0\velocity-engine-core-2.0.jar;H:\LocalWarehouse\org\apache\commons\commons-lang3\3.7\commons-lang3-3.7.jar;H:\LocalWarehouse\mysql\mysql-connector-java\5.1.46\mysql-connector-java-5.1.46.jar;H:\LocalWarehouse\com\baomidou\mybatisplus-spring-boot-starter\1.0.5\mybatisplus-spring-boot-starter-1.0.5.jar;H:\LocalWarehouse\org\springframework\boot\spring-boot-configuration-processor\2.0.2.RELEASE\spring-boot-configuration-processor-2.0.2.RELEASE.jar;H:\LocalWarehouse\org\springframework\boot\spring-boot-starter-jdbc\2.0.2.RELEASE\spring-boot-starter-jdbc-2.0.2.RELEASE.jar;H:\LocalWarehouse\com\zaxxer\HikariCP\2.7.9\HikariCP-2.7.9.jar;H:\LocalWarehouse\org\springframework\spring-jdbc\5.0.6.RELEASE\spring-jdbc-5.0.6.RELEASE.jar;H:\LocalWarehouse\org\springframework\spring-tx\5.0.6.RELEASE\spring-tx-5.0.6.RELEASE.jar;H:\LocalWarehouse\com\baomidou\mybatis-plus\2.1.8\mybatis-plus-2.1.8.jar;H:\LocalWarehouse\com\baomidou\mybatis-plus-support\2.1.8\mybatis-plus-support-2.1.8.jar;H:\LocalWarehouse\com\baomidou\mybatis-plus-core\2.1.8\mybatis-plus-core-2.1.8.jar;H:\LocalWarehouse\com\github\jsqlparser\jsqlparser\1.1\jsqlparser-1.1.jar;H:\LocalWarehouse\org\mybatis\mybatis-spring\1.3.1\mybatis-spring-1.3.1.jar;H:\LocalWarehouse\org\mybatis\mybatis\3.4.5\mybatis-3.4.5.jar;H:\LocalWarehouse\com\baomidou\mybatis-plus-generate\2.1.8\mybatis-plus-generate-2.1.8.jar;H:\LocalWarehouse\io\jsonwebtoken\jjwt\0.9.1\jjwt-0.9.1.jar;H:\LocalWarehouse\org\apache\poi\poi\3.17\poi-3.17.jar;H:\LocalWarehouse\commons-codec\commons-codec\1.11\commons-codec-1.11.jar;H:\LocalWarehouse\org\apache\commons\commons-collections4\4.1\commons-collections4-4.1.jar;H:\LocalWarehouse\org\apache\poi\poi-ooxml\3.17\poi-ooxml-3.17.jar;H:\LocalWarehouse\com\github\virtuald\curvesapi\1.04\curvesapi-1.04.jar;H:\LocalWarehouse\org\apache\poi\poi-ooxml-schemas\3.17\poi-ooxml-schemas-3.17.jar;H:\LocalWarehouse\org\apache\xmlbeans\xmlbeans\2.6.0\xmlbeans-2.6.0.jar;H:\LocalWarehouse\stax\stax-api\1.0.1\stax-api-1.0.1.jar;H:\LocalWarehouse\xerces\xercesImpl\2.11.0\xercesImpl-2.11.0.jar;H:\LocalWarehouse\xml-apis\xml-apis\1.4.01\xml-apis-1.4.01.jar;"/>
    <property name="java.vm.vendor" value="Oracle Corporation"/>
    <property name="sun.arch.data.model" value="64"/>
    <property name="user.variant" value=""/>
    <property name="java.vendor.url" value="http://java.oracle.com/"/>
    <property name="user.timezone" value=""/>
    <property name="java.vm.specification.version" value="1.8"/>
    <property name="os.name" value="Windows 10"/>
    <property name="user.country" value="CN"/>
    <property name="sun.java.launcher" value="SUN_STANDARD"/>
    <property name="sun.boot.library.path" value="F:\Java\jdk1.8\jre\bin"/>
    <property name="sun.java.command" value="C:\Users\wxjas\AppData\Local\Temp\surefire3314051720186208566\surefirebooter9180029994323409478.jar C:\Users\wxjas\AppData\Local\Temp\surefire3314051720186208566 2019-02-27T15-15-42_951-jvmRun1 surefire1038675202628997656tmp surefire_12410121108283654541tmp"/>
    <property name="surefire.test.class.path" value="F:\Workspaces\IdeaProjects\face-parent\face-api\target\test-classes;F:\Workspaces\IdeaProjects\face-parent\face-api\target\classes;H:\LocalWarehouse\org\springframework\boot\spring-boot-starter\2.0.2.RELEASE\spring-boot-starter-2.0.2.RELEASE.jar;H:\LocalWarehouse\org\springframework\boot\spring-boot\2.0.2.RELEASE\spring-boot-2.0.2.RELEASE.jar;H:\LocalWarehouse\org\springframework\spring-context\5.0.6.RELEASE\spring-context-5.0.6.RELEASE.jar;H:\LocalWarehouse\org\springframework\boot\spring-boot-autoconfigure\2.0.2.RELEASE\spring-boot-autoconfigure-2.0.2.RELEASE.jar;H:\LocalWarehouse\org\springframework\boot\spring-boot-starter-logging\2.0.2.RELEASE\spring-boot-starter-logging-2.0.2.RELEASE.jar;H:\LocalWarehouse\ch\qos\logback\logback-classic\1.2.3\logback-classic-1.2.3.jar;H:\LocalWarehouse\ch\qos\logback\logback-core\1.2.3\logback-core-1.2.3.jar;H:\LocalWarehouse\org\apache\logging\log4j\log4j-to-slf4j\2.10.0\log4j-to-slf4j-2.10.0.jar;H:\LocalWarehouse\org\apache\logging\log4j\log4j-api\2.10.0\log4j-api-2.10.0.jar;H:\LocalWarehouse\org\slf4j\jul-to-slf4j\1.7.25\jul-to-slf4j-1.7.25.jar;H:\LocalWarehouse\javax\annotation\javax.annotation-api\1.3.2\javax.annotation-api-1.3.2.jar;H:\LocalWarehouse\org\springframework\spring-core\5.0.6.RELEASE\spring-core-5.0.6.RELEASE.jar;H:\LocalWarehouse\org\springframework\spring-jcl\5.0.6.RELEASE\spring-jcl-5.0.6.RELEASE.jar;H:\LocalWarehouse\org\yaml\snakeyaml\1.19\snakeyaml-1.19.jar;H:\LocalWarehouse\org\springframework\boot\spring-boot-starter-test\2.0.2.RELEASE\spring-boot-starter-test-2.0.2.RELEASE.jar;H:\LocalWarehouse\org\springframework\boot\spring-boot-test\2.0.2.RELEASE\spring-boot-test-2.0.2.RELEASE.jar;H:\LocalWarehouse\org\springframework\boot\spring-boot-test-autoconfigure\2.0.2.RELEASE\spring-boot-test-autoconfigure-2.0.2.RELEASE.jar;H:\LocalWarehouse\com\jayway\jsonpath\json-path\2.4.0\json-path-2.4.0.jar;H:\LocalWarehouse\net\minidev\json-smart\2.3\json-smart-2.3.jar;H:\LocalWarehouse\net\minidev\accessors-smart\1.2\accessors-smart-1.2.jar;H:\LocalWarehouse\org\ow2\asm\asm\5.0.4\asm-5.0.4.jar;H:\LocalWarehouse\org\slf4j\slf4j-api\1.7.25\slf4j-api-1.7.25.jar;H:\LocalWarehouse\junit\junit\4.12\junit-4.12.jar;H:\LocalWarehouse\org\assertj\assertj-core\3.9.1\assertj-core-3.9.1.jar;H:\LocalWarehouse\org\mockito\mockito-core\2.15.0\mockito-core-2.15.0.jar;H:\LocalWarehouse\net\bytebuddy\byte-buddy\1.7.11\byte-buddy-1.7.11.jar;H:\LocalWarehouse\net\bytebuddy\byte-buddy-agent\1.7.11\byte-buddy-agent-1.7.11.jar;H:\LocalWarehouse\org\objenesis\objenesis\2.6\objenesis-2.6.jar;H:\LocalWarehouse\org\hamcrest\hamcrest-core\1.3\hamcrest-core-1.3.jar;H:\LocalWarehouse\org\hamcrest\hamcrest-library\1.3\hamcrest-library-1.3.jar;H:\LocalWarehouse\org\skyscreamer\jsonassert\1.5.0\jsonassert-1.5.0.jar;H:\LocalWarehouse\com\vaadin\external\google\android-json\0.0.20131108.vaadin1\android-json-0.0.20131108.vaadin1.jar;H:\LocalWarehouse\org\springframework\spring-test\5.0.6.RELEASE\spring-test-5.0.6.RELEASE.jar;H:\LocalWarehouse\org\xmlunit\xmlunit-core\2.5.1\xmlunit-core-2.5.1.jar;H:\LocalWarehouse\org\springframework\boot\spring-boot-starter-web\2.0.2.RELEASE\spring-boot-starter-web-2.0.2.RELEASE.jar;H:\LocalWarehouse\org\springframework\boot\spring-boot-starter-json\2.0.2.RELEASE\spring-boot-starter-json-2.0.2.RELEASE.jar;H:\LocalWarehouse\com\fasterxml\jackson\core\jackson-databind\2.9.5\jackson-databind-2.9.5.jar;H:\LocalWarehouse\com\fasterxml\jackson\core\jackson-annotations\2.9.0\jackson-annotations-2.9.0.jar;H:\LocalWarehouse\com\fasterxml\jackson\core\jackson-core\2.9.5\jackson-core-2.9.5.jar;H:\LocalWarehouse\com\fasterxml\jackson\datatype\jackson-datatype-jdk8\2.9.5\jackson-datatype-jdk8-2.9.5.jar;H:\LocalWarehouse\com\fasterxml\jackson\datatype\jackson-datatype-jsr310\2.9.5\jackson-datatype-jsr310-2.9.5.jar;H:\LocalWarehouse\com\fasterxml\jackson\module\jackson-module-parameter-names\2.9.5\jackson-module-parameter-names-2.9.5.jar;H:\LocalWarehouse\org\springframework\boot\spring-boot-starter-tomcat\2.0.2.RELEASE\spring-boot-starter-tomcat-2.0.2.RELEASE.jar;H:\LocalWarehouse\org\apache\tomcat\embed\tomcat-embed-core\8.5.31\tomcat-embed-core-8.5.31.jar;H:\LocalWarehouse\org\apache\tomcat\embed\tomcat-embed-el\8.5.31\tomcat-embed-el-8.5.31.jar;H:\LocalWarehouse\org\apache\tomcat\embed\tomcat-embed-websocket\8.5.31\tomcat-embed-websocket-8.5.31.jar;H:\LocalWarehouse\org\hibernate\validator\hibernate-validator\6.0.9.Final\hibernate-validator-6.0.9.Final.jar;H:\LocalWarehouse\javax\validation\validation-api\2.0.1.Final\validation-api-2.0.1.Final.jar;H:\LocalWarehouse\org\jboss\logging\jboss-logging\3.3.2.Final\jboss-logging-3.3.2.Final.jar;H:\LocalWarehouse\com\fasterxml\classmate\1.3.4\classmate-1.3.4.jar;H:\LocalWarehouse\org\springframework\spring-web\5.0.6.RELEASE\spring-web-5.0.6.RELEASE.jar;H:\LocalWarehouse\org\springframework\spring-beans\5.0.6.RELEASE\spring-beans-5.0.6.RELEASE.jar;H:\LocalWarehouse\org\springframework\spring-webmvc\5.0.6.RELEASE\spring-webmvc-5.0.6.RELEASE.jar;H:\LocalWarehouse\org\springframework\spring-aop\5.0.6.RELEASE\spring-aop-5.0.6.RELEASE.jar;H:\LocalWarehouse\org\springframework\spring-expression\5.0.6.RELEASE\spring-expression-5.0.6.RELEASE.jar;H:\LocalWarehouse\com\baidu\aip\java-sdk\4.10.0\java-sdk-4.10.0.jar;H:\LocalWarehouse\org\json\json\20160810\json-20160810.jar;H:\LocalWarehouse\log4j\log4j\1.2.17\log4j-1.2.17.jar;H:\LocalWarehouse\org\projectlombok\lombok\1.16.20\lombok-1.16.20.jar;F:\Workspaces\IdeaProjects\face-parent\common\target\common-1.0.0.jar;H:\LocalWarehouse\org\apache\velocity\velocity-engine-core\2.0\velocity-engine-core-2.0.jar;H:\LocalWarehouse\org\apache\commons\commons-lang3\3.7\commons-lang3-3.7.jar;H:\LocalWarehouse\mysql\mysql-connector-java\5.1.46\mysql-connector-java-5.1.46.jar;H:\LocalWarehouse\com\baomidou\mybatisplus-spring-boot-starter\1.0.5\mybatisplus-spring-boot-starter-1.0.5.jar;H:\LocalWarehouse\org\springframework\boot\spring-boot-configuration-processor\2.0.2.RELEASE\spring-boot-configuration-processor-2.0.2.RELEASE.jar;H:\LocalWarehouse\org\springframework\boot\spring-boot-starter-jdbc\2.0.2.RELEASE\spring-boot-starter-jdbc-2.0.2.RELEASE.jar;H:\LocalWarehouse\com\zaxxer\HikariCP\2.7.9\HikariCP-2.7.9.jar;H:\LocalWarehouse\org\springframework\spring-jdbc\5.0.6.RELEASE\spring-jdbc-5.0.6.RELEASE.jar;H:\LocalWarehouse\org\springframework\spring-tx\5.0.6.RELEASE\spring-tx-5.0.6.RELEASE.jar;H:\LocalWarehouse\com\baomidou\mybatis-plus\2.1.8\mybatis-plus-2.1.8.jar;H:\LocalWarehouse\com\baomidou\mybatis-plus-support\2.1.8\mybatis-plus-support-2.1.8.jar;H:\LocalWarehouse\com\baomidou\mybatis-plus-core\2.1.8\mybatis-plus-core-2.1.8.jar;H:\LocalWarehouse\com\github\jsqlparser\jsqlparser\1.1\jsqlparser-1.1.jar;H:\LocalWarehouse\org\mybatis\mybatis-spring\1.3.1\mybatis-spring-1.3.1.jar;H:\LocalWarehouse\org\mybatis\mybatis\3.4.5\mybatis-3.4.5.jar;H:\LocalWarehouse\com\baomidou\mybatis-plus-generate\2.1.8\mybatis-plus-generate-2.1.8.jar;H:\LocalWarehouse\io\jsonwebtoken\jjwt\0.9.1\jjwt-0.9.1.jar;H:\LocalWarehouse\org\apache\poi\poi\3.17\poi-3.17.jar;H:\LocalWarehouse\commons-codec\commons-codec\1.11\commons-codec-1.11.jar;H:\LocalWarehouse\org\apache\commons\commons-collections4\4.1\commons-collections4-4.1.jar;H:\LocalWarehouse\org\apache\poi\poi-ooxml\3.17\poi-ooxml-3.17.jar;H:\LocalWarehouse\com\github\virtuald\curvesapi\1.04\curvesapi-1.04.jar;H:\LocalWarehouse\org\apache\poi\poi-ooxml-schemas\3.17\poi-ooxml-schemas-3.17.jar;H:\LocalWarehouse\org\apache\xmlbeans\xmlbeans\2.6.0\xmlbeans-2.6.0.jar;H:\LocalWarehouse\stax\stax-api\1.0.1\stax-api-1.0.1.jar;H:\LocalWarehouse\xerces\xercesImpl\2.11.0\xercesImpl-2.11.0.jar;H:\LocalWarehouse\xml-apis\xml-apis\1.4.01\xml-apis-1.4.01.jar;"/>
    <property name="sun.cpu.endian" value="little"/>
    <property name="user.home" value="C:\Users\wxjas"/>
    <property name="user.language" value="zh"/>
    <property name="java.specification.vendor" value="Oracle Corporation"/>
    <property name="java.home" value="F:\Java\jdk1.8\jre"/>
    <property name="basedir" value="F:\Workspaces\IdeaProjects\face-parent\face-api"/>
    <property name="file.separator" value="\"/>
    <property name="line.separator" value="&#10;"/>
    <property name="java.vm.specification.vendor" value="Oracle Corporation"/>
    <property name="java.specification.name" value="Java Platform API Specification"/>
    <property name="java.awt.graphicsenv" value="sun.awt.Win32GraphicsEnvironment"/>
    <property name="surefire.real.class.path" value="C:\Users\wxjas\AppData\Local\Temp\surefire3314051720186208566\surefirebooter9180029994323409478.jar"/>
    <property name="sun.boot.class.path" value="F:\Java\jdk1.8\jre\lib\resources.jar;F:\Java\jdk1.8\jre\lib\rt.jar;F:\Java\jdk1.8\jre\lib\sunrsasign.jar;F:\Java\jdk1.8\jre\lib\jsse.jar;F:\Java\jdk1.8\jre\lib\jce.jar;F:\Java\jdk1.8\jre\lib\charsets.jar;F:\Java\jdk1.8\jre\lib\jfr.jar;F:\Java\jdk1.8\jre\classes"/>
    <property name="user.script" value=""/>
    <property name="sun.management.compiler" value="HotSpot 64-Bit Tiered Compilers"/>
    <property name="java.runtime.version" value="1.8.0_121-b13"/>
    <property name="user.name" value="wxjason"/>
    <property name="path.separator" value=";"/>
    <property name="os.version" value="10.0"/>
    <property name="java.endorsed.dirs" value="F:\Java\jdk1.8\jre\lib\endorsed"/>
    <property name="java.runtime.name" value="Java(TM) SE Runtime Environment"/>
    <property name="file.encoding" value="GBK"/>
    <property name="java.vm.name" value="Java HotSpot(TM) 64-Bit Server VM"/>
    <property name="localRepository" value="H:\LocalWarehouse"/>
    <property name="java.vendor.url.bug" value="http://bugreport.sun.com/bugreport/"/>
    <property name="java.io.tmpdir" value="C:\Users\wxjas\AppData\Local\Temp\"/>
    <property name="idea.version" value="2017.2.3"/>
    <property name="java.version" value="1.8.0_121"/>
    <property name="user.dir" value="F:\Workspaces\IdeaProjects\face-parent\face-api"/>
    <property name="os.arch" value="amd64"/>
    <property name="java.vm.specification.name" value="Java Virtual Machine Specification"/>
    <property name="java.awt.printerjob" value="sun.awt.windows.WPrinterJob"/>
    <property name="sun.os.patch.level" value=""/>
    <property name="java.library.path" value="F:\Java\jdk1.8\jre\bin;C:\WINDOWS\Sun\Java\bin;C:\WINDOWS\system32;C:\WINDOWS;C:\WINDOWS\system32;C:\WINDOWS;C:\WINDOWS\System32\Wbem;C:\WINDOWS\System32\WindowsPowerShell\v1.0\;F:\Java\jdk1.7\bin;F:\Java\jdk1.7\jre\bin;F:\MySQL-5.7.17\bin;F:\TortoiseSVN\bin;H:\Maven3.5.2\bin;F:\nodejs\;F:\apache-ant-1.10.3\bin;C:\WINDOWS\System32\OpenSSH\;H:\nginx;C:\Program Files\TortoiseGit\bin;C:\Program Files\Git\cmd;H:\hadoop-common-2.6.0-bin-master\bin;H:\hadoop-common-2.6.0-bin-master\bin\winutils.exe;C:\Users\wxjas\AppData\Local\Programs\Python\Python36\Scripts\;C:\Users\wxjas\AppData\Local\Programs\Python\Python36\;C:\Users\wxjas\AppData\Local\Microsoft\WindowsApps;C:\Users\wxjas\AppData\Roaming\npm;;."/>
    <property name="java.vm.info" value="mixed mode"/>
    <property name="java.vendor" value="Oracle Corporation"/>
    <property name="java.vm.version" value="25.121-b13"/>
    <property name="java.ext.dirs" value="F:\Java\jdk1.8\jre\lib\ext;C:\WINDOWS\Sun\Java\lib\ext"/>
    <property name="sun.io.unicode.encoding" value="UnicodeLittle"/>
    <property name="maven.repo.local" value="H:\LocalWarehouse"/>
    <property name="java.class.version" value="52.0"/>
  </properties>
  <testcase name="contextLoads" classname="cn.wxj.face.api.FaceApiApplicationTests" time="0.143"/>
</testsuite>